<?xml version="1.0" encoding="UTF-8"?>
<testng-results skipped="0" failed="0" ignored="0" total="1" passed="1">
  <reporter-output>
  </reporter-output>
  <suite name="Default suite" duration-ms="12317" started-at="2019-12-21T10:49:15 IST" finished-at="2019-12-21T10:49:27 IST">
    <groups>
    </groups>
    <test name="Default test" duration-ms="12317" started-at="2019-12-21T10:49:15 IST" finished-at="2019-12-21T10:49:27 IST">
      <class name="basic.Demo">
        <test-method status="PASS" signature="testA()[pri:0, instance:basic.Demo@1530c739]" name="testA" duration-ms="12251" started-at="2019-12-21T10:49:15 IST" finished-at="2019-12-21T10:49:27 IST">
          <reporter-output>
          </reporter-output>
        </test-method> <!-- testA -->
      </class> <!-- basic.Demo -->
    </test> <!-- Default test -->
  </suite> <!-- Default suite -->
</testng-results>
